<?xml version="1.0" encoding="UTF-8"?>
<!-- Generated by org.testng.reporters.JUnitReportReporter -->
<testsuite skipped="0" hostname="DESKTOP-IVGPN1D" name="com.api.tests.APITest" tests="2" failures="0" timestamp="19 Oct 2019 06:09:02 GMT" time="6.582" errors="0">
  <testcase name="Post" time="0.979" classname="com.api.tests.APITest"/>
  <testcase name="Get" time="5.603" classname="com.api.tests.APITest"/>
</testsuite> <!-- com.api.tests.APITest -->
